{"/home/asheshdon/Desktop/GrepsrDashboard/grepsrDahsboard/src/assets/svgs/backArrow.svg": {"path":"/home/asheshdon/Desktop/GrepsrDashboard/grepsrDahsboard/src/assets/svgs/backArrow.svg","statementMap":{"0":{"start":{"line":1,"column":0},"end":{"line":1,"column":20}}},"fnMap":{},"branchMap":{},"s":{"0":1},"f":{},"b":{},"_coverageSchema":"1a1c01bbd47fc00a2c39e90264f33305004495a9","hash":"fe9a182c63b4d44ca4eb36a46d8f14e119cf4d3b"}
,"/home/asheshdon/Desktop/GrepsrDashboard/grepsrDahsboard/src/assets/svgs/bell.svg": {"path":"/home/asheshdon/Desktop/GrepsrDashboard/grepsrDahsboard/src/assets/svgs/bell.svg","statementMap":{"0":{"start":{"line":1,"column":0},"end":{"line":1,"column":20}}},"fnMap":{},"branchMap":{},"s":{"0":1},"f":{},"b":{},"_coverageSchema":"1a1c01bbd47fc00a2c39e90264f33305004495a9","hash":"ac25ad9eb0ec01b883fab4ac68050b8ace89e912"}
,"/home/asheshdon/Desktop/GrepsrDashboard/grepsrDahsboard/src/assets/svgs/credit-usage.svg": {"path":"/home/asheshdon/Desktop/GrepsrDashboard/grepsrDahsboard/src/assets/svgs/credit-usage.svg","statementMap":{"0":{"start":{"line":1,"column":0},"end":{"line":1,"column":20}}},"fnMap":{},"branchMap":{},"s":{"0":1},"f":{},"b":{},"_coverageSchema":"1a1c01bbd47fc00a2c39e90264f33305004495a9","hash":"e1c2d5d2392df3995935f8078600541b5e0a1c0a"}
,"/home/asheshdon/Desktop/GrepsrDashboard/grepsrDahsboard/src/assets/svgs/credit.svg": {"path":"/home/asheshdon/Desktop/GrepsrDashboard/grepsrDahsboard/src/assets/svgs/credit.svg","statementMap":{"0":{"start":{"line":1,"column":0},"end":{"line":1,"column":20}}},"fnMap":{},"branchMap":{},"s":{"0":1},"f":{},"b":{},"_coverageSchema":"1a1c01bbd47fc00a2c39e90264f33305004495a9","hash":"cdeacce10d1dbf4baa0930fc36c2aa12978d0f0c"}
,"/home/asheshdon/Desktop/GrepsrDashboard/grepsrDahsboard/src/assets/svgs/dataSet.svg": {"path":"/home/asheshdon/Desktop/GrepsrDashboard/grepsrDahsboard/src/assets/svgs/dataSet.svg","statementMap":{"0":{"start":{"line":1,"column":0},"end":{"line":1,"column":20}}},"fnMap":{},"branchMap":{},"s":{"0":1},"f":{},"b":{},"_coverageSchema":"1a1c01bbd47fc00a2c39e90264f33305004495a9","hash":"3d99be19c089c8c8955c4dc66bb9992f428711e1"}
,"/home/asheshdon/Desktop/GrepsrDashboard/grepsrDahsboard/src/assets/svgs/download.svg": {"path":"/home/asheshdon/Desktop/GrepsrDashboard/grepsrDahsboard/src/assets/svgs/download.svg","statementMap":{"0":{"start":{"line":1,"column":0},"end":{"line":1,"column":20}}},"fnMap":{},"branchMap":{},"s":{"0":1},"f":{},"b":{},"_coverageSchema":"1a1c01bbd47fc00a2c39e90264f33305004495a9","hash":"0ccebba299345658aabfab0fdd7203dc74a4340c"}
,"/home/asheshdon/Desktop/GrepsrDashboard/grepsrDahsboard/src/assets/svgs/filter.svg": {"path":"/home/asheshdon/Desktop/GrepsrDashboard/grepsrDahsboard/src/assets/svgs/filter.svg","statementMap":{"0":{"start":{"line":1,"column":0},"end":{"line":1,"column":20}}},"fnMap":{},"branchMap":{},"s":{"0":1},"f":{},"b":{},"_coverageSchema":"1a1c01bbd47fc00a2c39e90264f33305004495a9","hash":"83b3fc87b0a90a760ec5801425c46f9c75e92ee3"}
,"/home/asheshdon/Desktop/GrepsrDashboard/grepsrDahsboard/src/assets/svgs/hide.svg": {"path":"/home/asheshdon/Desktop/GrepsrDashboard/grepsrDahsboard/src/assets/svgs/hide.svg","statementMap":{"0":{"start":{"line":1,"column":0},"end":{"line":1,"column":20}}},"fnMap":{},"branchMap":{},"s":{"0":1},"f":{},"b":{},"_coverageSchema":"1a1c01bbd47fc00a2c39e90264f33305004495a9","hash":"c2d3668eead380e2c0b25d9a7b75ebce6fb68e48"}
,"/home/asheshdon/Desktop/GrepsrDashboard/grepsrDahsboard/src/assets/svgs/index.ts": {"path":"/home/asheshdon/Desktop/GrepsrDashboard/grepsrDahsboard/src/assets/svgs/index.ts","statementMap":{"0":{"start":{"line":1,"column":0},"end":{"line":1,"column":40}},"1":{"start":{"line":2,"column":0},"end":{"line":2,"column":38}},"2":{"start":{"line":3,"column":0},"end":{"line":3,"column":36}},"3":{"start":{"line":4,"column":0},"end":{"line":4,"column":45}},"4":{"start":{"line":5,"column":0},"end":{"line":5,"column":34}},"5":{"start":{"line":6,"column":0},"end":{"line":6,"column":30}},"6":{"start":{"line":7,"column":0},"end":{"line":7,"column":38}},"7":{"start":{"line":8,"column":0},"end":{"line":8,"column":30}},"8":{"start":{"line":9,"column":0},"end":{"line":9,"column":30}},"9":{"start":{"line":10,"column":0},"end":{"line":10,"column":34}},"10":{"start":{"line":12,"column":13},"end":{"line":23,"column":2}}},"fnMap":{},"branchMap":{},"s":{"0":1,"1":1,"2":1,"3":1,"4":1,"5":1,"6":1,"7":1,"8":1,"9":1,"10":1},"f":{},"b":{}}
,"/home/asheshdon/Desktop/GrepsrDashboard/grepsrDahsboard/src/assets/svgs/info.svg": {"path":"/home/asheshdon/Desktop/GrepsrDashboard/grepsrDahsboard/src/assets/svgs/info.svg","statementMap":{"0":{"start":{"line":1,"column":0},"end":{"line":1,"column":20}}},"fnMap":{},"branchMap":{},"s":{"0":1},"f":{},"b":{},"_coverageSchema":"1a1c01bbd47fc00a2c39e90264f33305004495a9","hash":"93a1fa1e3bc883f601de8b2a9ddea8ee1a631be9"}
,"/home/asheshdon/Desktop/GrepsrDashboard/grepsrDahsboard/src/assets/svgs/workflow.svg": {"path":"/home/asheshdon/Desktop/GrepsrDashboard/grepsrDahsboard/src/assets/svgs/workflow.svg","statementMap":{"0":{"start":{"line":1,"column":0},"end":{"line":1,"column":20}}},"fnMap":{},"branchMap":{},"s":{"0":1},"f":{},"b":{},"_coverageSchema":"1a1c01bbd47fc00a2c39e90264f33305004495a9","hash":"8b037592e97480056a4e8506805b8a0395312a89"}
,"/home/asheshdon/Desktop/GrepsrDashboard/grepsrDahsboard/src/components/sidebar/NavItem.tsx": {"path":"/home/asheshdon/Desktop/GrepsrDashboard/grepsrDahsboard/src/components/sidebar/NavItem.tsx","statementMap":{"0":{"start":{"line":2,"column":0},"end":{"line":2,"column":60}},"1":{"start":{"line":3,"column":0},"end":{"line":3,"column":52}},"2":{"start":{"line":4,"column":0},"end":{"line":4,"column":64}},"3":{"start":{"line":5,"column":0},"end":{"line":5,"column":47}},"4":{"start":{"line":16,"column":37},"end":{"line":42,"column":1}},"5":{"start":{"line":17,"column":19},"end":{"line":17,"column":32}},"6":{"start":{"line":18,"column":26},"end":{"line":18,"column":43}},"7":{"start":{"line":20,"column":2},"end":{"line":41,"column":4}},"8":{"start":{"line":27,"column":21},"end":{"line":27,"column":46}},"9":{"start":{"line":43,"column":0},"end":{"line":43,"column":20}}},"fnMap":{"0":{"name":"(anonymous_0)","decl":{"start":{"line":16,"column":37},"end":{"line":16,"column":38}},"loc":{"start":{"line":16,"column":62},"end":{"line":42,"column":1}}},"1":{"name":"(anonymous_1)","decl":{"start":{"line":27,"column":15},"end":{"line":27,"column":18}},"loc":{"start":{"line":27,"column":21},"end":{"line":27,"column":46}}}},"branchMap":{"0":{"loc":{"start":{"line":22,"column":10},"end":{"line":22,"column":70}},"type":"cond-expr","locations":[{"start":{"line":22,"column":23},"end":{"line":22,"column":48}},{"start":{"line":22,"column":51},"end":{"line":22,"column":70}}]},"1":{"loc":{"start":{"line":23,"column":13},"end":{"line":23,"column":69}},"type":"cond-expr","locations":[{"start":{"line":23,"column":26},"end":{"line":23,"column":47}},{"start":{"line":23,"column":50},"end":{"line":23,"column":69}}]},"2":{"loc":{"start":{"line":26,"column":14},"end":{"line":26,"column":66}},"type":"cond-expr","locations":[{"start":{"line":26,"column":28},"end":{"line":26,"column":61}},{"start":{"line":26,"column":64},"end":{"line":26,"column":66}}]},"3":{"loc":{"start":{"line":27,"column":33},"end":{"line":27,"column":43}},"type":"cond-expr","locations":[{"start":{"line":27,"column":37},"end":{"line":27,"column":39}},{"start":{"line":27,"column":33},"end":{"line":27,"column":43}}]},"4":{"loc":{"start":{"line":27,"column":33},"end":{"line":27,"column":39}},"type":"binary-expr","locations":[{"start":{"line":27,"column":33},"end":{"line":27,"column":39}},{"start":{"line":27,"column":33},"end":{"line":27,"column":39}}]},"5":{"loc":{"start":{"line":31,"column":11},"end":{"line":31,"column":30}},"type":"cond-expr","locations":[{"start":{"line":31,"column":25},"end":{"line":31,"column":26}},{"start":{"line":31,"column":29},"end":{"line":31,"column":30}}]},"6":{"loc":{"start":{"line":32,"column":24},"end":{"line":32,"column":56}},"type":"cond-expr","locations":[{"start":{"line":32,"column":38},"end":{"line":32,"column":45}},{"start":{"line":32,"column":48},"end":{"line":32,"column":56}}]},"7":{"loc":{"start":{"line":34,"column":9},"end":{"line":37,"column":null}},"type":"binary-expr","locations":[{"start":{"line":34,"column":9},"end":{"line":34,"column":20}},{"start":{"line":35,"column":10},"end":{"line":36,"column":null}}]}},"s":{"0":1,"1":1,"2":1,"3":1,"4":1,"5":6,"6":6,"7":6,"8":0,"9":1},"f":{"0":6,"1":0},"b":{"0":[0,6],"1":[0,6],"2":[6,0],"3":[0,0],"4":[0,0],"5":[3,3],"6":[3,3],"7":[6,3]}}
,"/home/asheshdon/Desktop/GrepsrDashboard/grepsrDahsboard/src/components/sidebar/index.tsx": {"path":"/home/asheshdon/Desktop/GrepsrDashboard/grepsrDahsboard/src/components/sidebar/index.tsx","statementMap":{"0":{"start":{"line":1,"column":0},"end":{"line":1,"column":68}},"1":{"start":{"line":2,"column":0},"end":{"line":2,"column":76}},"2":{"start":{"line":3,"column":0},"end":{"line":3,"column":50}},"3":{"start":{"line":4,"column":0},"end":{"line":4,"column":41}},"4":{"start":{"line":5,"column":0},"end":{"line":5,"column":29}},"5":{"start":{"line":6,"column":0},"end":{"line":6,"column":60}},"6":{"start":{"line":7,"column":0},"end":{"line":7,"column":26}},"7":{"start":{"line":8,"column":0},"end":{"line":8,"column":64}},"8":{"start":{"line":10,"column":17},"end":{"line":24,"column":2}},"9":{"start":{"line":29,"column":16},"end":{"line":101,"column":1}},"10":{"start":{"line":30,"column":19},"end":{"line":30,"column":32}},"11":{"start":{"line":31,"column":23},"end":{"line":31,"column":36}},"12":{"start":{"line":32,"column":26},"end":{"line":32,"column":43}},"13":{"start":{"line":34,"column":2},"end":{"line":100,"column":4}},"14":{"start":{"line":52,"column":23},"end":{"line":52,"column":55}},"15":{"start":{"line":84,"column":14},"end":{"line":84,"column":null}},"16":{"start":{"line":103,"column":0},"end":{"line":103,"column":23}}},"fnMap":{"0":{"name":"(anonymous_1)","decl":{"start":{"line":29,"column":16},"end":{"line":29,"column":17}},"loc":{"start":{"line":29,"column":52},"end":{"line":101,"column":1}}},"1":{"name":"(anonymous_2)","decl":{"start":{"line":52,"column":17},"end":{"line":52,"column":20}},"loc":{"start":{"line":52,"column":23},"end":{"line":52,"column":55}}},"2":{"name":"(anonymous_3)","decl":{"start":{"line":83,"column":27},"end":{"line":83,"column":28}},"loc":{"start":{"line":84,"column":14},"end":{"line":84,"column":null}}}},"branchMap":{"0":{"loc":{"start":{"line":49,"column":12},"end":{"line":49,"column":32}},"type":"cond-expr","locations":[{"start":{"line":49,"column":26},"end":{"line":49,"column":28}},{"start":{"line":49,"column":31},"end":{"line":49,"column":32}}]},"1":{"loc":{"start":{"line":64,"column":17},"end":{"line":64,"column":47}},"type":"cond-expr","locations":[{"start":{"line":64,"column":31},"end":{"line":64,"column":38}},{"start":{"line":64,"column":41},"end":{"line":64,"column":47}}]},"2":{"loc":{"start":{"line":83,"column":13},"end":{"line":87,"column":14}},"type":"cond-expr","locations":[{"start":{"line":83,"column":21},"end":{"line":83,"column":23}},{"start":{"line":83,"column":13},"end":{"line":87,"column":14}}]},"3":{"loc":{"start":{"line":83,"column":13},"end":{"line":83,"column":23}},"type":"binary-expr","locations":[{"start":{"line":83,"column":13},"end":{"line":83,"column":23}},{"start":{"line":83,"column":13},"end":{"line":83,"column":23}}]},"4":{"loc":{"start":{"line":91,"column":11},"end":{"line":94,"column":null}},"type":"binary-expr","locations":[{"start":{"line":91,"column":11},"end":{"line":91,"column":22}},{"start":{"line":92,"column":12},"end":{"line":92,"column":null}}]},"5":{"loc":{"start":{"line":96,"column":41},"end":{"line":96,"column":79}},"type":"cond-expr","locations":[{"start":{"line":96,"column":55},"end":{"line":96,"column":72}},{"start":{"line":96,"column":75},"end":{"line":96,"column":79}}]}},"s":{"0":1,"1":1,"2":1,"3":1,"4":1,"5":1,"6":1,"7":1,"8":1,"9":1,"10":2,"11":2,"12":2,"13":2,"14":0,"15":6,"16":1},"f":{"0":2,"1":0,"2":6},"b":{"0":[1,1],"1":[1,1],"2":[0,2],"3":[2,2],"4":[2,1],"5":[1,1]}}
,"/home/asheshdon/Desktop/GrepsrDashboard/grepsrDahsboard/src/hooks/useSidebarContext.ts": {"path":"/home/asheshdon/Desktop/GrepsrDashboard/grepsrDahsboard/src/hooks/useSidebarContext.ts","statementMap":{"0":{"start":{"line":1,"column":0},"end":{"line":1,"column":45}},"1":{"start":{"line":3,"column":13},"end":{"line":6,"column":16}}},"fnMap":{},"branchMap":{},"s":{"0":1,"1":1},"f":{},"b":{}}
,"/home/asheshdon/Desktop/GrepsrDashboard/grepsrDahsboard/src/routes/routes.constants.ts": {"path":"/home/asheshdon/Desktop/GrepsrDashboard/grepsrDahsboard/src/routes/routes.constants.ts","statementMap":{"0":{"start":{"line":1,"column":13},"end":{"line":11,"column":2}}},"fnMap":{},"branchMap":{},"s":{"0":1},"f":{},"b":{}}
,"/home/asheshdon/Desktop/GrepsrDashboard/grepsrDahsboard/src/theme/Color.ts": {"path":"/home/asheshdon/Desktop/GrepsrDashboard/grepsrDahsboard/src/theme/Color.ts","statementMap":{"0":{"start":{"line":1,"column":13},"end":{"line":14,"column":2}}},"fnMap":{},"branchMap":{},"s":{"0":1},"f":{},"b":{}}
,"/home/asheshdon/Desktop/GrepsrDashboard/grepsrDahsboard/src/utils/GetSidebarState.tsx": {"path":"/home/asheshdon/Desktop/GrepsrDashboard/grepsrDahsboard/src/utils/GetSidebarState.tsx","statementMap":{"0":{"start":{"line":1,"column":0},"end":{"line":1,"column":63}},"1":{"start":{"line":2,"column":0},"end":{"line":2,"column":35}},"2":{"start":{"line":4,"column":31},"end":{"line":10,"column":1}},"3":{"start":{"line":5,"column":22},"end":{"line":5,"column":46}},"4":{"start":{"line":6,"column":2},"end":{"line":9,"column":4}},"5":{"start":{"line":4,"column":13},"end":{"line":4,"column":31}}},"fnMap":{"0":{"name":"(anonymous_0)","decl":{"start":{"line":4,"column":31},"end":{"line":4,"column":34}},"loc":{"start":{"line":4,"column":36},"end":{"line":10,"column":1}}}},"branchMap":{},"s":{"0":1,"1":1,"2":1,"3":0,"4":0,"5":1},"f":{"0":0},"b":{}}
}
