TN:
SF:src/assets/svgs/backArrow.svg
FNF:0
FNH:0
DA:1,1
LF:1
LH:1
BRF:0
BRH:0
end_of_record
TN:
SF:src/assets/svgs/bell.svg
FNF:0
FNH:0
DA:1,1
LF:1
LH:1
BRF:0
BRH:0
end_of_record
TN:
SF:src/assets/svgs/credit-usage.svg
FNF:0
FNH:0
DA:1,1
LF:1
LH:1
BRF:0
BRH:0
end_of_record
TN:
SF:src/assets/svgs/credit.svg
FNF:0
FNH:0
DA:1,1
LF:1
LH:1
BRF:0
BRH:0
end_of_record
TN:
SF:src/assets/svgs/dataSet.svg
FNF:0
FNH:0
DA:1,1
LF:1
LH:1
BRF:0
BRH:0
end_of_record
TN:
SF:src/assets/svgs/download.svg
FNF:0
FNH:0
DA:1,1
LF:1
LH:1
BRF:0
BRH:0
end_of_record
TN:
SF:src/assets/svgs/filter.svg
FNF:0
FNH:0
DA:1,1
LF:1
LH:1
BRF:0
BRH:0
end_of_record
TN:
SF:src/assets/svgs/hide.svg
FNF:0
FNH:0
DA:1,1
LF:1
LH:1
BRF:0
BRH:0
end_of_record
TN:
SF:src/assets/svgs/index.ts
FNF:0
FNH:0
DA:1,1
DA:2,1
DA:3,1
DA:4,1
DA:5,1
DA:6,1
DA:7,1
DA:8,1
DA:9,1
DA:10,1
DA:12,1
LF:11
LH:11
BRF:0
BRH:0
end_of_record
TN:
SF:src/assets/svgs/info.svg
FNF:0
FNH:0
DA:1,1
LF:1
LH:1
BRF:0
BRH:0
end_of_record
TN:
SF:src/assets/svgs/workflow.svg
FNF:0
FNH:0
DA:1,1
LF:1
LH:1
BRF:0
BRH:0
end_of_record
TN:
SF:src/components/sidebar/NavItem.tsx
FN:16,(anonymous_0)
FN:27,(anonymous_1)
FNF:2
FNH:1
FNDA:6,(anonymous_0)
FNDA:0,(anonymous_1)
DA:2,1
DA:3,1
DA:4,1
DA:5,1
DA:16,1
DA:17,6
DA:18,6
DA:20,6
DA:27,0
DA:43,1
LF:10
LH:9
BRDA:22,0,0,0
BRDA:22,0,1,6
BRDA:23,1,0,0
BRDA:23,1,1,6
BRDA:26,2,0,6
BRDA:26,2,1,0
BRDA:27,3,0,0
BRDA:27,3,1,0
BRDA:27,4,0,0
BRDA:27,4,1,0
BRDA:31,5,0,3
BRDA:31,5,1,3
BRDA:32,6,0,3
BRDA:32,6,1,3
BRDA:34,7,0,6
BRDA:34,7,1,3
BRF:16
BRH:9
end_of_record
TN:
SF:src/components/sidebar/index.tsx
FN:29,(anonymous_1)
FN:52,(anonymous_2)
FN:83,(anonymous_3)
FNF:3
FNH:2
FNDA:2,(anonymous_1)
FNDA:0,(anonymous_2)
FNDA:6,(anonymous_3)
DA:1,1
DA:2,1
DA:3,1
DA:4,1
DA:5,1
DA:6,1
DA:7,1
DA:8,1
DA:10,1
DA:29,1
DA:30,2
DA:31,2
DA:32,2
DA:34,2
DA:52,0
DA:84,6
DA:103,1
LF:17
LH:16
BRDA:49,0,0,1
BRDA:49,0,1,1
BRDA:64,1,0,1
BRDA:64,1,1,1
BRDA:83,2,0,0
BRDA:83,2,1,2
BRDA:83,3,0,2
BRDA:83,3,1,2
BRDA:91,4,0,2
BRDA:91,4,1,1
BRDA:96,5,0,1
BRDA:96,5,1,1
BRF:12
BRH:11
end_of_record
TN:
SF:src/hooks/useSidebarContext.ts
FNF:0
FNH:0
DA:1,1
DA:3,1
LF:2
LH:2
BRF:0
BRH:0
end_of_record
TN:
SF:src/routes/routes.constants.ts
FNF:0
FNH:0
DA:1,1
LF:1
LH:1
BRF:0
BRH:0
end_of_record
TN:
SF:src/theme/Color.ts
FNF:0
FNH:0
DA:1,1
LF:1
LH:1
BRF:0
BRH:0
end_of_record
TN:
SF:src/utils/GetSidebarState.tsx
FN:4,(anonymous_0)
FNF:1
FNH:0
FNDA:0,(anonymous_0)
DA:1,1
DA:2,1
DA:4,1
DA:5,0
DA:6,0
LF:5
LH:3
BRF:0
BRH:0
end_of_record
